<?xml version="1.0" encoding="UTF-8"?>
<testsuite name="rb.pplmngmntAPI.PplmngmntApiApplicationTests" tests="1" skipped="0" failures="0" errors="0" timestamp="2021-08-07T18:32:12" hostname="RAMON" time="0.434">
  <properties/>
  <testcase name="contextLoads()" classname="rb.pplmngmntAPI.PplmngmntApiApplicationTests" time="0.434"/>
  <system-out><![CDATA[15:31:52.793 [Test worker] DEBUG org.springframework.test.context.BootstrapUtils - Instantiating CacheAwareContextLoaderDelegate from class [org.springframework.test.context.cache.DefaultCacheAwareContextLoaderDelegate]
15:31:52.850 [Test worker] DEBUG org.springframework.test.context.BootstrapUtils - Instantiating BootstrapContext using constructor [public org.springframework.test.context.support.DefaultBootstrapContext(java.lang.Class,org.springframework.test.context.CacheAwareContextLoaderDelegate)]
15:31:53.045 [Test worker] DEBUG org.springframework.test.context.BootstrapUtils - Instantiating TestContextBootstrapper for test class [rb.pplmngmntAPI.PplmngmntApiApplicationTests] from class [org.springframework.boot.test.context.SpringBootTestContextBootstrapper]
15:31:53.106 [Test worker] INFO org.springframework.boot.test.context.SpringBootTestContextBootstrapper - Neither @ContextConfiguration nor @ContextHierarchy found for test class [rb.pplmngmntAPI.PplmngmntApiApplicationTests], using SpringBootContextLoader
15:31:53.125 [Test worker] DEBUG org.springframework.test.context.support.AbstractContextLoader - Did not detect default resource location for test class [rb.pplmngmntAPI.PplmngmntApiApplicationTests]: class path resource [rb/pplmngmntAPI/PplmngmntApiApplicationTests-context.xml] does not exist
15:31:53.131 [Test worker] DEBUG org.springframework.test.context.support.AbstractContextLoader - Did not detect default resource location for test class [rb.pplmngmntAPI.PplmngmntApiApplicationTests]: class path resource [rb/pplmngmntAPI/PplmngmntApiApplicationTestsContext.groovy] does not exist
15:31:53.135 [Test worker] INFO org.springframework.test.context.support.AbstractContextLoader - Could not detect default resource locations for test class [rb.pplmngmntAPI.PplmngmntApiApplicationTests]: no resource found for suffixes {-context.xml, Context.groovy}.
15:31:53.153 [Test worker] INFO org.springframework.test.context.support.AnnotationConfigContextLoaderUtils - Could not detect default configuration classes for test class [rb.pplmngmntAPI.PplmngmntApiApplicationTests]: PplmngmntApiApplicationTests does not declare any static, non-private, non-final, nested classes annotated with @Configuration.
15:31:53.299 [Test worker] DEBUG org.springframework.test.context.support.ActiveProfilesUtils - Could not find an 'annotation declaring class' for annotation type [org.springframework.test.context.ActiveProfiles] and class [rb.pplmngmntAPI.PplmngmntApiApplicationTests]
15:31:53.425 [Test worker] DEBUG org.springframework.context.annotation.ClassPathScanningCandidateComponentProvider - Identified candidate component class: file [D:\Codes\Java\Main Projects\pplmngmntAPI\build\classes\java\main\rb\pplmngmntAPI\PplmngmntApiApplication.class]
15:31:53.428 [Test worker] INFO org.springframework.boot.test.context.SpringBootTestContextBootstrapper - Found @SpringBootConfiguration rb.pplmngmntAPI.PplmngmntApiApplication for test class rb.pplmngmntAPI.PplmngmntApiApplicationTests
15:31:53.781 [Test worker] DEBUG org.springframework.boot.test.context.SpringBootTestContextBootstrapper - @TestExecutionListeners is not present for class [rb.pplmngmntAPI.PplmngmntApiApplicationTests]: using defaults.
15:31:53.785 [Test worker] INFO org.springframework.boot.test.context.SpringBootTestContextBootstrapper - Loaded default TestExecutionListener class names from location [META-INF/spring.factories]: [org.springframework.boot.test.autoconfigure.restdocs.RestDocsTestExecutionListener, org.springframework.boot.test.autoconfigure.web.client.MockRestServiceServerResetTestExecutionListener, org.springframework.boot.test.autoconfigure.web.servlet.MockMvcPrintOnlyOnFailureTestExecutionListener, org.springframework.boot.test.autoconfigure.web.servlet.WebDriverTestExecutionListener, org.springframework.boot.test.autoconfigure.webservices.client.MockWebServiceServerTestExecutionListener, org.springframework.boot.test.mock.mockito.MockitoTestExecutionListener, org.springframework.boot.test.mock.mockito.ResetMocksTestExecutionListener, org.springframework.test.context.web.ServletTestExecutionListener, org.springframework.test.context.support.DirtiesContextBeforeModesTestExecutionListener, org.springframework.test.context.event.ApplicationEventsTestExecutionListener, org.springframework.test.context.support.DependencyInjectionTestExecutionListener, org.springframework.test.context.support.DirtiesContextTestExecutionListener, org.springframework.test.context.transaction.TransactionalTestExecutionListener, org.springframework.test.context.jdbc.SqlScriptsTestExecutionListener, org.springframework.test.context.event.EventPublishingTestExecutionListener]
15:31:53.843 [Test worker] INFO org.springframework.boot.test.context.SpringBootTestContextBootstrapper - Using TestExecutionListeners: [org.springframework.test.context.web.ServletTestExecutionListener@4bf00ecb, org.springframework.test.context.support.DirtiesContextBeforeModesTestExecutionListener@14e832be, org.springframework.test.context.event.ApplicationEventsTestExecutionListener@229f8439, org.springframework.boot.test.mock.mockito.MockitoTestExecutionListener@4679a52d, org.springframework.boot.test.autoconfigure.SpringBootDependencyInjectionTestExecutionListener@d347d7f, org.springframework.test.context.support.DirtiesContextTestExecutionListener@581cd3a5, org.springframework.test.context.transaction.TransactionalTestExecutionListener@67c3ad3, org.springframework.test.context.jdbc.SqlScriptsTestExecutionListener@da7a7fc, org.springframework.test.context.event.EventPublishingTestExecutionListener@2356ecb2, org.springframework.boot.test.autoconfigure.restdocs.RestDocsTestExecutionListener@1de98286, org.springframework.boot.test.autoconfigure.web.client.MockRestServiceServerResetTestExecutionListener@7aa4994a, org.springframework.boot.test.autoconfigure.web.servlet.MockMvcPrintOnlyOnFailureTestExecutionListener@4a8c49a5, org.springframework.boot.test.autoconfigure.web.servlet.WebDriverTestExecutionListener@5eab1f3a, org.springframework.boot.test.autoconfigure.webservices.client.MockWebServiceServerTestExecutionListener@f874bdb, org.springframework.boot.test.mock.mockito.ResetMocksTestExecutionListener@51b7eda8]
15:31:53.854 [Test worker] DEBUG org.springframework.test.context.support.AbstractDirtiesContextTestExecutionListener - Before test class: context [DefaultTestContext@f0f041d testClass = PplmngmntApiApplicationTests, testInstance = [null], testMethod = [null], testException = [null], mergedContextConfiguration = [WebMergedContextConfiguration@587f7c27 testClass = PplmngmntApiApplicationTests, locations = '{}', classes = '{class rb.pplmngmntAPI.PplmngmntApiApplication}', contextInitializerClasses = '[]', activeProfiles = '{}', propertySourceLocations = '{}', propertySourceProperties = '{org.springframework.boot.test.context.SpringBootTestContextBootstrapper=true}', contextCustomizers = set[org.springframework.boot.test.autoconfigure.actuate.metrics.MetricsExportContextCustomizerFactory$DisableMetricExportContextCustomizer@12092dac, org.springframework.boot.test.autoconfigure.properties.PropertyMappingContextCustomizer@0, org.springframework.boot.test.autoconfigure.web.servlet.WebDriverContextCustomizerFactory$Customizer@5f8b6605, org.springframework.boot.test.context.filter.ExcludeFilterContextCustomizer@43dd2713, org.springframework.boot.test.json.DuplicateJsonObjectContextCustomizerFactory$DuplicateJsonObjectContextCustomizer@6900bf3c, org.springframework.boot.test.mock.mockito.MockitoContextCustomizer@0, org.springframework.boot.test.web.client.TestRestTemplateContextCustomizer@3aa05c85, org.springframework.boot.test.context.SpringBootTestArgs@1, org.springframework.boot.test.context.SpringBootTestWebEnvironment@6df03995], resourceBasePath = 'src/main/webapp', contextLoader = 'org.springframework.boot.test.context.SpringBootContextLoader', parent = [null]], attributes = map['org.springframework.test.context.web.ServletTestExecutionListener.activateListener' -> true]], class annotated with @DirtiesContext [false] with mode [null].
15:31:53.953 [Test worker] DEBUG org.springframework.test.context.support.TestPropertySourceUtils - Adding inlined properties to environment: {spring.jmx.enabled=false, org.springframework.boot.test.context.SpringBootTestContextBootstrapper=true}

  .   ____          _            __ _ _
 /\\ / ___'_ __ _ _(_)_ __  __ _ \ \ \ \
( ( )\___ | '_ | '_| | '_ \/ _` | \ \ \ \
 \\/  ___)| |_)| | | | | || (_| |  ) ) ) )
  '  |____| .__|_| |_|_| |_\__, | / / / /
 =========|_|==============|___/=/_/_/_/
 :: Spring Boot ::                (v2.5.3)

2021-08-07 15:31:55.035  INFO 14376 --- [    Test worker] r.p.PplmngmntApiApplicationTests         : Starting PplmngmntApiApplicationTests using Java 16.0.2 on Ramon with PID 14376 (started by Ramon in D:\Codes\Java\Main Projects\pplmngmntAPI)
2021-08-07 15:31:55.041  INFO 14376 --- [    Test worker] r.p.PplmngmntApiApplicationTests         : No active profile set, falling back to default profiles: default
2021-08-07 15:31:58.916  INFO 14376 --- [    Test worker] .s.d.r.c.RepositoryConfigurationDelegate : Bootstrapping Spring Data JPA repositories in DEFAULT mode.
2021-08-07 15:31:59.186  INFO 14376 --- [    Test worker] .s.d.r.c.RepositoryConfigurationDelegate : Finished Spring Data repository scanning in 241 ms. Found 1 JPA repository interfaces.
2021-08-07 15:32:02.544  INFO 14376 --- [    Test worker] o.hibernate.jpa.internal.util.LogHelper  : HHH000204: Processing PersistenceUnitInfo [name: default]
2021-08-07 15:32:02.714  INFO 14376 --- [    Test worker] org.hibernate.Version                    : HHH000412: Hibernate ORM core version 5.4.32.Final
2021-08-07 15:32:03.332  INFO 14376 --- [    Test worker] o.hibernate.annotations.common.Version   : HCANN000001: Hibernate Commons Annotations {5.1.2.Final}
2021-08-07 15:32:03.745  INFO 14376 --- [    Test worker] com.zaxxer.hikari.HikariDataSource       : HikariPool-1 - Starting...
2021-08-07 15:32:05.156  INFO 14376 --- [    Test worker] com.zaxxer.hikari.HikariDataSource       : HikariPool-1 - Start completed.
2021-08-07 15:32:05.285  INFO 14376 --- [    Test worker] org.hibernate.dialect.Dialect            : HHH000400: Using dialect: org.hibernate.dialect.MySQL8Dialect
2021-08-07 15:32:08.458  INFO 14376 --- [    Test worker] o.h.e.t.j.p.i.JtaPlatformInitiator       : HHH000490: Using JtaPlatform implementation: [org.hibernate.engine.transaction.jta.platform.internal.NoJtaPlatform]
2021-08-07 15:32:08.481  INFO 14376 --- [    Test worker] j.LocalContainerEntityManagerFactoryBean : Initialized JPA EntityManagerFactory for persistence unit 'default'
2021-08-07 15:32:10.134  WARN 14376 --- [    Test worker] JpaBaseConfiguration$JpaWebConfiguration : spring.jpa.open-in-view is enabled by default. Therefore, database queries may be performed during view rendering. Explicitly configure spring.jpa.open-in-view to disable this warning
2021-08-07 15:32:12.711  INFO 14376 --- [    Test worker] o.s.b.a.e.web.EndpointLinksResolver      : Exposing 1 endpoint(s) beneath base path '/actuator'
2021-08-07 15:32:12.822  INFO 14376 --- [    Test worker] r.p.PplmngmntApiApplicationTests         : Started PplmngmntApiApplicationTests in 18.853 seconds (JVM running for 22.694)
]]></system-out>
  <system-err><![CDATA[]]></system-err>
</testsuite>
